======================================================================
Phase 10AK v2: SEO Metadata Optimization (XMLRPC)
======================================================================

Fetching posts page 1...
  Got 100 posts (total: 100)

Fetching posts page 2...
  Got 44 posts (total: 144)

Total published posts: 144

[1/144] ID 6052: Low-Mobility Enrichment: Mental Stimulation for Dogs with Li
  Current SEO title (57 chars): 'Low-Mobility Enrichment: Mental Stimulation for Dogs with'
  Current SEO desc (149 chars): 'Low-Mobility Enrichment: Mental Stimulation for Dogs with Limited Movement. Prac'
  -> SEO title: OK (keeping)
  -> SEO desc: OK (keeping)
  No featured media

[2/144] ID 6050: Toy Overstimulation Recovery: Calming Down an Overexcited Do
  Current SEO title (57 chars): 'Toy Overstimulation Recovery: Calming Down an Overexcited'
  Current SEO desc (136 chars): 'Toy Overstimulation Recovery: Calming Down an Overexcited Dog. Practical advice,'
  -> SEO title: OK (keeping)
  -> SEO desc: OK (keeping)
  No featured media

[3/144] ID 6049: Sensory Enrichment for Dogs: Engaging All Five Senses Throug
  Current SEO title (53 chars): 'Sensory Enrichment for Dogs: Engaging All Five Senses'
  Current SEO desc (141 chars): 'Sensory Enrichment for Dogs: Engaging All Five Senses Through Play. Practical ad'
  -> SEO title: OK (keeping)
  -> SEO desc: OK (keeping)
  No featured media

[4/144] ID 6048: Confidence-Building Play: Helping Shy and Fearful Dogs Throu
  Current SEO title (54 chars): 'Confidence-Building Play: Helping Shy and Fearful Dogs'
  Current SEO desc (142 chars): 'Confidence-Building Play: Helping Shy and Fearful Dogs Through Toys. Practical a'
  -> SEO title: OK (keeping)
  -> SEO desc: OK (keeping)
  No featured media

[5/144] ID 6047: Play Recovery After Surgery: Gentle Enrichment for Healing D
  Current SEO title (50 chars): 'Play Recovery After Surgery: Gentle Enrichment for'
  Current SEO desc (138 chars): 'Play Recovery After Surgery: Gentle Enrichment for Healing Dogs. Practical advic'
  -> SEO title: OK (keeping)
  -> SEO desc: OK (keeping)
  No featured media

[6/144] ID 6046: Dog Toy Hygiene Schedules: A Practical Cleaning Timetable
  Current SEO title (57 chars): 'Dog Toy Hygiene Schedules: A Practical Cleaning Timetable'
  Current SEO desc (132 chars): 'Dog Toy Hygiene Schedules: A Practical Cleaning Timetable. Practical advice, exp'
  -> SEO title: OK (keeping)
  -> SEO desc: OK (keeping)
  No featured media

[7/144] ID 6045: Safe Multi-Dog Toy Management: Preventing Resource Guarding
  Current SEO title (59 chars): 'Safe Multi-Dog Toy Management: Preventing Resource Guarding'
  Current SEO desc (134 chars): 'Safe Multi-Dog Toy Management: Preventing Resource Guarding. Practical advice, e'
  -> SEO title: OK (keeping)
  -> SEO desc: OK (keeping)
  No featured media

[8/144] ID 6044: Rotating Puzzle Complexity: Progressive Challenge for Smart 
  Current SEO title (53 chars): 'Rotating Puzzle Complexity: Progressive Challenge for'
  Current SEO desc (139 chars): 'Rotating Puzzle Complexity: Progressive Challenge for Smart Dogs. Practical advi'
  -> SEO title: OK (keeping)
  -> SEO desc: OK (keeping)
  No featured media

[9/144] ID 6042: Enrichment by Breed Group: Tailoring Play to Your Dog’s Inst
  Current SEO title (55 chars): 'Enrichment by Breed Group: Tailoring Play to Your Dog’s'
  Current SEO desc (140 chars): 'Enrichment by Breed Group: Tailoring Play to Your Dog’s Instincts. Practical adv'
  -> SEO title: OK (keeping)
  -> SEO desc: OK (keeping)
  No featured media

[10/144] ID 6039: Dog Toy Anxiety Reduction: Using Toys to Calm Nervous Dogs
  Current SEO title (58 chars): 'Dog Toy Anxiety Reduction: Using Toys to Calm Nervous Dogs'
  Current SEO desc (133 chars): 'Dog Toy Anxiety Reduction: Using Toys to Calm Nervous Dogs. Practical advice, ex'
  -> SEO title: OK (keeping)
  -> SEO desc: OK (keeping)
  No featured media

[11/144] ID 5950: Dog Toy Durability Guide: What Lasts and What Does Not
  Current SEO title (0 chars): ''
  Current SEO desc (0 chars): ''
  -> New SEO title (54 chars): 'Dog Toy Durability Guide: What Lasts and What Does Not'
  -> New SEO desc (146 chars): 'Your complete guide to dog toy durability guide: what lasts and what does not. Evidence-based advice and practical tips for UK pet owners in 2026.'
  Updating via XMLRPC...
  -> XMLRPC update: success
  No featured media

[12/144] ID 5946: Dog Toy Materials Compared: Rubber, Rope, Plush, and Nylon
  Current SEO title (0 chars): ''
  Current SEO desc (0 chars): ''
  -> New SEO title (58 chars): 'Dog Toy Materials Compared: Rubber, Rope, Plush, and Nylon'
  -> New SEO desc (133 chars): 'Dog Toy Materials Compared: Rubber, Rope, Plush, and Nylon. Practical advice, expert tips, and everything UK pet owners need to know.'
  Updating via XMLRPC...
  -> XMLRPC update: success
  No featured media

[13/144] ID 5942: Cognitive Enrichment for Senior Dogs: Gentle Play for Ageing
  Current SEO title (0 chars): ''
  Current SEO desc (0 chars): ''
  -> New SEO title (53 chars): 'Cognitive Enrichment for Senior Dogs: Gentle Play for'
  -> New SEO desc (141 chars): 'Cognitive Enrichment for Senior Dogs: Gentle Play for Ageing Minds. Practical advice, expert tips, and everything UK pet owners need to know.'
  Updating via XMLRPC...
  -> XMLRPC update: success
  No featured media

[14/144] ID 5938: Enrichment Schedules for Dogs: Structuring Daily Play and Me
  Current SEO title (0 chars): ''
  Current SEO desc (0 chars): ''
  -> New SEO title (57 chars): 'Enrichment Schedules for Dogs: Structuring Daily Play and'
  -> New SEO desc (144 chars): 'Enrichment Schedules for Dogs: Structuring Daily Play and Mental Work. Practical advice, expert tips, and everything UK pet owners need to know.'
  Updating via XMLRPC...
  -> XMLRPC update: success
  No featured media

[15/144] ID 5935: Dog Toy Storage and Organisation: Keeping Toys Clean and Acc
  Current SEO title (0 chars): ''
  Current SEO desc (0 chars): ''
  -> New SEO title (56 chars): 'Dog Toy Storage and Organisation: Keeping Toys Clean and'
  -> New SEO desc (142 chars): 'Dog Toy Storage and Organisation: Keeping Toys Clean and Accessible. Practical advice, expert tips, and everything UK pet owners need to know.'
  Updating via XMLRPC...
  -> XMLRPC update: success
  No featured media

[16/144] ID 5934: Crate and Play Enrichment: Keeping Dogs Happy in Confined Sp
  Current SEO title (0 chars): ''
  Current SEO desc (0 chars): ''
  -> New SEO title (57 chars): 'Crate and Play Enrichment: Keeping Dogs Happy in Confined'
  -> New SEO desc (139 chars): 'Crate and Play Enrichment: Keeping Dogs Happy in Confined Spaces. Practical advice, expert tips, and everything UK pet owners need to know.'
  Updating via XMLRPC...
  -> XMLRPC update: success
  No featured media

[17/144] ID 5933: Safe Tug Play with Dogs: Rules, Benefits, and Common Mistake
  Current SEO title (0 chars): ''
  Current SEO desc (0 chars): ''
  -> New SEO title (52 chars): 'Safe Tug Play with Dogs: Rules, Benefits, and Common'
  -> New SEO desc (136 chars): 'Safe Tug Play with Dogs: Rules, Benefits, and Common Mistakes. Practical advice, expert tips, and everything UK pet owners need to know.'
  Updating via XMLRPC...
  -> XMLRPC update: success
  No featured media

[18/144] ID 5932: Scent-Game Enrichment for Dogs: Using Smell to Engage Your D
  Current SEO title (0 chars): ''
  Current SEO desc (0 chars): ''
  -> New SEO title (53 chars): 'Scent-Game Enrichment for Dogs: Using Smell to Engage'
  -> New SEO desc (137 chars): 'Scent-Game Enrichment for Dogs: Using Smell to Engage Your Dog. Practical advice, expert tips, and everything UK pet owners need to know.'
  Updating via XMLRPC...
  -> XMLRPC update: success
  No featured media

[19/144] ID 5931: Signs of Toy Overstimulation in Dogs: When Play Becomes Too 
  Current SEO title (0 chars): ''
  Current SEO desc (0 chars): ''
  -> New SEO title (55 chars): 'Signs of Toy Overstimulation in Dogs: When Play Becomes'
  -> New SEO desc (139 chars): 'Signs of Toy Overstimulation in Dogs: When Play Becomes Too Much. Practical advice, expert tips, and everything UK pet owners need to know.'
  Updating via XMLRPC...
  -> XMLRPC update: success
  No featured media

[20/144] ID 5930: Dog Toy Safety by Breed Size: Choosing the Right Size Toy
  Current SEO title (0 chars): ''
  Current SEO desc (0 chars): ''
  -> New SEO title (57 chars): 'Dog Toy Safety by Breed Size: Choosing the Right Size Toy'
  -> New SEO desc (132 chars): 'Dog Toy Safety by Breed Size: Choosing the Right Size Toy. Practical advice, expert tips, and everything UK pet owners need to know.'
  Updating via XMLRPC...
  -> XMLRPC update: success
  No featured media

[21/144] ID 5523: Dog Training Equipment Explained: Tools, Uses, and What to A
  Current SEO title (0 chars): ''
  Current SEO desc (0 chars): ''
  -> New SEO title (55 chars): 'Dog Training Equipment Explained: Tools, Uses, and What'
  -> New SEO desc (121 chars): 'Understand dog training equipment with this clear, jargon-free guide. Practical knowledge every UK pet owner should have.'
  Updating via XMLRPC...
  -> XMLRPC update: success
  No featured media

[22/144] ID 5522: Orthopaedic Care for Dogs: Joint Health, Mobility, and Suppo
  Current SEO title (0 chars): ''
  Current SEO desc (0 chars): ''
  -> New SEO title (54 chars): 'Orthopaedic Care for Dogs: Joint Health, Mobility, and'
  -> New SEO desc (137 chars): 'Orthopaedic Care for Dogs: Joint Health, Mobility, and Support. Practical advice, expert tips, and everything UK pet owners need to know.'
  Updating via XMLRPC...
  -> XMLRPC update: success
  No featured media

[23/144] ID 5521: Pet Health Terminology: A Guide to Common Veterinary Terms
  Current SEO title (0 chars): ''
  Current SEO desc (0 chars): ''
  -> New SEO title (58 chars): 'Pet Health Terminology: A Guide to Common Veterinary Terms'
  -> New SEO desc (114 chars): 'Your complete guide to pet health terminology. Evidence-based advice and practical tips for UK pet owners in 2026.'
  Updating via XMLRPC...
  -> XMLRPC update: success
  No featured media

[24/144] ID 5520: Dog Health Basics: Common Conditions, Prevention, and When t
  Current SEO title (0 chars): ''
  Current SEO desc (0 chars): ''
  -> New SEO title (53 chars): 'Dog Health Basics: Common Conditions, Prevention, and'
  -> New SEO desc (146 chars): 'Dog Health Basics: Common Conditions, Prevention, and When to See a Vet. Practical advice, expert tips, and everything UK pet owners need to know.'
  Updating via XMLRPC...
  -> XMLRPC update: success
  No featured media

[25/144] ID 5519: Indoor Cat Care: A Complete Guide to Keeping House Cats Happ
  Current SEO title (0 chars): ''
  Current SEO desc (0 chars): ''
  -> New SEO title (55 chars): 'Indoor Cat Care: A Complete Guide to Keeping House Cats'
  -> New SEO desc (107 chars): 'Your complete guide to indoor cat care. Evidence-based advice and practical tips for UK pet owners in 2026.'
  Updating via XMLRPC...
  -> XMLRPC update: success
  No featured media

[26/144] ID 5512: Dog Behaviour Explained: Understanding Your Dog’s Body Langu
  Current SEO title (0 chars): ''
  Current SEO desc (0 chars): ''
  -> New SEO title (54 chars): 'Dog Behaviour Explained: Understanding Your Dog’s Body'
  -> New SEO desc (112 chars): 'Understand dog behaviour with this clear, jargon-free guide. Practical knowledge every UK pet owner should have.'
  Updating via XMLRPC...
  -> XMLRPC update: success
  No featured media

[27/144] ID 5511: Pet Enrichment Explained: Types, Benefits, and Practical Ide
  Current SEO title (0 chars): ''
  Current SEO desc (0 chars): ''
  -> New SEO title (56 chars): 'Pet Enrichment Explained: Types, Benefits, and Practical'
  -> New SEO desc (113 chars): 'Understand pet enrichment with this clear, jargon-free guide. Practical knowledge every UK pet owner should have.'
  Updating via XMLRPC...
  -> XMLRPC update: success
  No featured media

[28/144] ID 5510: Dog Bed Sizing Guide: How to Measure Your Dog and Choose the
  Current SEO title (0 chars): ''
  Current SEO desc (0 chars): ''
  -> New SEO title (56 chars): 'Dog Bed Sizing Guide: How to Measure Your Dog and Choose'
  -> New SEO desc (123 chars): 'Learn how to dog bed sizing guide with our step-by-step guide. Practical tips, expert advice, and common mistakes to avoid.'
  Updating via XMLRPC...
  -> XMLRPC update: success
  No featured media

[29/144] ID 5509: Pet Toy Safety: Understanding Materials, Hazards, and Standa
  Current SEO title (0 chars): ''
  Current SEO desc (0 chars): ''
  -> New SEO title (53 chars): 'Pet Toy Safety: Understanding Materials, Hazards, and'
  -> New SEO desc (138 chars): 'Pet Toy Safety: Understanding Materials, Hazards, and Standards. Practical advice, expert tips, and everything UK pet owners need to know.'
  Updating via XMLRPC...
  -> XMLRPC update: success
  No featured media

[30/144] ID 5508: Puppy Development Stages: A Complete Guide from Birth to Mat
  Current SEO title (0 chars): ''
  Current SEO desc (0 chars): ''
  -> New SEO title (56 chars): 'Puppy Development Stages: A Complete Guide from Birth to'
  -> New SEO desc (116 chars): 'Your complete guide to puppy development stages. Evidence-based advice and practical tips for UK pet owners in 2026.'
  Updating via XMLRPC...
  -> XMLRPC update: success
  No featured media

[31/144] ID 5483: Dog Toy Lifespan: When to Replace Toys and How to Extend The
  Current SEO title (0 chars): ''
  Current SEO desc (0 chars): ''
  -> New SEO title (56 chars): 'Dog Toy Lifespan: When to Replace Toys and How to Extend'
  -> New SEO desc (119 chars): 'Learn how to dog toy lifespan with our step-by-step guide. Practical tips, expert advice, and common mistakes to avoid.'
  Updating via XMLRPC...
  -> XMLRPC update: success
  No featured media

[32/144] ID 5476: Mental Stimulation Toys for Dogs: Puzzles, Games, and Brain 
  Current SEO title (0 chars): ''
  Current SEO desc (0 chars): ''
  -> New SEO title (53 chars): 'Mental Stimulation Toys for Dogs: Puzzles, Games, and'
  -> New SEO desc (139 chars): 'Mental Stimulation Toys for Dogs: Puzzles, Games, and Brain Work. Practical advice, expert tips, and everything UK pet owners need to know.'
  Updating via XMLRPC...
  -> XMLRPC update: success
  No featured media

[33/144] ID 5473: Senior Dog Toys: Gentle Play Options for Older Dogs
  Current SEO title (0 chars): ''
  Current SEO desc (0 chars): ''
  -> New SEO title (51 chars): 'Senior Dog Toys: Gentle Play Options for Older Dogs'
  -> New SEO desc (126 chars): 'Senior Dog Toys: Gentle Play Options for Older Dogs. Practical advice, expert tips, and everything UK pet owners need to know.'
  Updating via XMLRPC...
  -> XMLRPC update: success
  No featured media

[34/144] ID 5471: Dog Boredom Prevention: Signs, Solutions, and Enrichment Ide
  Current SEO title (0 chars): ''
  Current SEO desc (0 chars): ''
  -> New SEO title (56 chars): 'Dog Boredom Prevention: Signs, Solutions, and Enrichment'
  -> New SEO desc (137 chars): 'Dog Boredom Prevention: Signs, Solutions, and Enrichment Ideas. Practical advice, expert tips, and everything UK pet owners need to know.'
  Updating via XMLRPC...
  -> XMLRPC update: success
  No featured media

[35/144] ID 5469: Dog Toy Rotation: How to Keep Your Dog Interested and Engage
  Current SEO title (0 chars): ''
  Current SEO desc (0 chars): ''
  -> New SEO title (53 chars): 'Dog Toy Rotation: How to Keep Your Dog Interested and'
  -> New SEO desc (119 chars): 'Learn how to dog toy rotation with our step-by-step guide. Practical tips, expert advice, and common mistakes to avoid.'
  Updating via XMLRPC...
  -> XMLRPC update: success
  No featured media

[36/144] ID 5467: Pet Feeding Guide: Understanding Portions, Schedules, and Me
  Current SEO title (0 chars): ''
  Current SEO desc (0 chars): ''
  -> New SEO title (57 chars): 'Pet Feeding Guide: Understanding Portions, Schedules, and'
  -> New SEO desc (157 chars): 'Your complete guide to pet feeding guide: understanding portions, schedules, and methods. Evidence-based advice and practical tips for UK pet owners in 2026.'
  Updating via XMLRPC...
  -> XMLRPC update: success
  No featured media

[37/144] ID 5464: Pet Grooming Glossary: Understanding Grooming Terms and Tech
  Current SEO title (0 chars): ''
  Current SEO desc (0 chars): ''
  -> New SEO title (55 chars): 'Pet Grooming Glossary: Understanding Grooming Terms and'
  -> New SEO desc (86 chars): 'A clear glossary of pet grooming terms. Simple definitions every pet owner can follow.'
  Updating via XMLRPC...
  -> XMLRPC update: success
  No featured media

[38/144] ID 5462: Dog Training Terminology Explained: Key Concepts for New Own
  Current SEO title (0 chars): ''
  Current SEO desc (0 chars): ''
  -> New SEO title (56 chars): 'Dog Training Terminology Explained: Key Concepts for New'
  -> New SEO desc (123 chars): 'Understand dog training terminology with this clear, jargon-free guide. Practical knowledge every UK pet owner should have.'
  Updating via XMLRPC...
  -> XMLRPC update: success
  No featured media

[39/144] ID 5460: Pet Nutrition Terminology: A Guide to Common Terms on Pet Fo
  Current SEO title (0 chars): ''
  Current SEO desc (0 chars): ''
  -> New SEO title (57 chars): 'Pet Nutrition Terminology: A Guide to Common Terms on Pet'
  -> New SEO desc (117 chars): 'Your complete guide to pet nutrition terminology. Evidence-based advice and practical tips for UK pet owners in 2026.'
  Updating via XMLRPC...
  -> XMLRPC update: success
  No featured media

[40/144] ID 5458: Cat Scratching Behaviour Explained: Why Cats Scratch and How
  Current SEO title (0 chars): ''
  Current SEO desc (0 chars): ''
  -> New SEO title (56 chars): 'Cat Scratching Behaviour Explained: Why Cats Scratch and'
  -> New SEO desc (137 chars): 'Learn how to cat scratching behaviour explained with our step-by-step guide. Practical tips, expert advice, and common mistakes to avoid.'
  Updating via XMLRPC...
  -> XMLRPC update: success
  No featured media

[41/144] ID 5425: Dog Toys FAQ: Common Questions Answered
  Current SEO title (0 chars): ''
  Current SEO desc (0 chars): ''
  -> New SEO title (39 chars): 'Dog Toys FAQ: Common Questions Answered'
  -> New SEO desc (103 chars): 'Get answers to the most common questions about dog toys. Clear, expert-backed advice for UK pet owners.'
  Updating via XMLRPC...
  -> XMLRPC update: success
  No featured media

[42/144] ID 5424: Aggressive Chewer Guide: Safe Toys for Power Chewers
  Current SEO title (0 chars): ''
  Current SEO desc (0 chars): ''
  -> New SEO title (52 chars): 'Aggressive Chewer Guide: Safe Toys for Power Chewers'
  -> New SEO desc (144 chars): 'Your complete guide to aggressive chewer guide: safe toys for power chewers. Evidence-based advice and practical tips for UK pet owners in 2026.'
  Updating via XMLRPC...
  -> XMLRPC update: success
  No featured media

[43/144] ID 5423: Dog Toy Enrichment: Beyond Basic Fetch
  Current SEO title (0 chars): ''
  Current SEO desc (0 chars): ''
  -> New SEO title (38 chars): 'Dog Toy Enrichment: Beyond Basic Fetch'
  -> New SEO desc (113 chars): 'Dog Toy Enrichment: Beyond Basic Fetch. Practical advice, expert tips, and everything UK pet owners need to know.'
  Updating via XMLRPC...
  -> XMLRPC update: success
  No featured media

[44/144] ID 5422: Indoor vs Outdoor Dog Toys: Choosing the Right Type
  Current SEO title (0 chars): ''
  Current SEO desc (0 chars): ''
  -> New SEO title (51 chars): 'Indoor vs Outdoor Dog Toys: Choosing the Right Type'
  -> New SEO desc (149 chars): 'An honest comparison: Indoor vs Outdoor Dog Toys: Choosing the Right Type. See the key differences, pros, cons, and which option suits your pet best.'
  Updating via XMLRPC...
  -> XMLRPC update: success
  No featured media

[45/144] ID 5421: Puppy-Safe Dog Toys: What to Look For and What to Avoid
  Current SEO title (0 chars): ''
  Current SEO desc (0 chars): ''
  -> New SEO title (55 chars): 'Puppy-Safe Dog Toys: What to Look For and What to Avoid'
  -> New SEO desc (130 chars): 'Puppy-Safe Dog Toys: What to Look For and What to Avoid. Practical advice, expert tips, and everything UK pet owners need to know.'
  Updating via XMLRPC...
  -> XMLRPC update: success
  No featured media

[46/144] ID 5420: Dog Toy Cleaning Guide: How to Keep Toys Hygienic
  Current SEO title (0 chars): ''
  Current SEO desc (0 chars): ''
  -> New SEO title (49 chars): 'Dog Toy Cleaning Guide: How to Keep Toys Hygienic'
  -> New SEO desc (125 chars): 'Learn how to dog toy cleaning guide with our step-by-step guide. Practical tips, expert advice, and common mistakes to avoid.'
  Updating via XMLRPC...
  -> XMLRPC update: success
  No featured media

[47/144] ID 5419: Cat Care Basics: A Glossary for New Cat Owners
  Current SEO title (0 chars): ''
  Current SEO desc (0 chars): ''
  -> New SEO title (46 chars): 'Cat Care Basics: A Glossary for New Cat Owners'
  -> New SEO desc (92 chars): 'A clear glossary of cat care basics: a terms. Simple definitions every pet owner can follow.'
  Updating via XMLRPC...
  -> XMLRPC update: success
  No featured media

[48/144] ID 5418: Dog Harness Types Explained: Finding the Right Fit
  Current SEO title (0 chars): ''
  Current SEO desc (0 chars): ''
  -> New SEO title (50 chars): 'Dog Harness Types Explained: Finding the Right Fit'
  -> New SEO desc (116 chars): 'Understand dog harness types with this clear, jargon-free guide. Practical knowledge every UK pet owner should have.'
  Updating via XMLRPC...
  -> XMLRPC update: success
  No featured media

[49/144] ID 5417: Puppy Care Essentials: Key Terms Every New Owner Should Know
  Current SEO title (0 chars): ''
  Current SEO desc (0 chars): ''
  -> New SEO title (60 chars): 'Puppy Care Essentials: Key Terms Every New Owner Should Know'
  -> New SEO desc (135 chars): 'Puppy Care Essentials: Key Terms Every New Owner Should Know. Practical advice, expert tips, and everything UK pet owners need to know.'
  Updating via XMLRPC...
  -> XMLRPC update: success
  No featured media

[50/144] ID 5416: Dog Bed Types Explained: A Complete Glossary
  Current SEO title (0 chars): ''
  Current SEO desc (0 chars): ''
  -> New SEO title (44 chars): 'Dog Bed Types Explained: A Complete Glossary'
  -> New SEO desc (112 chars): 'Understand dog bed types with this clear, jargon-free guide. Practical knowledge every UK pet owner should have.'
  Updating via XMLRPC...
  -> XMLRPC update: success
  No featured media

[51/144] ID 5415: Dog Play Styles Explained: Understanding How Your Dog Plays
  Current SEO title (0 chars): ''
  Current SEO desc (0 chars): ''
  -> New SEO title (59 chars): 'Dog Play Styles Explained: Understanding How Your Dog Plays'
  -> New SEO desc (114 chars): 'Understand dog play styles with this clear, jargon-free guide. Practical knowledge every UK pet owner should have.'
  Updating via XMLRPC...
  -> XMLRPC update: success
  No featured media

[52/144] ID 5414: Cat Toy Types Explained: A Complete Glossary
  Current SEO title (0 chars): ''
  Current SEO desc (0 chars): ''
  -> New SEO title (44 chars): 'Cat Toy Types Explained: A Complete Glossary'
  -> New SEO desc (112 chars): 'Understand cat toy types with this clear, jargon-free guide. Practical knowledge every UK pet owner should have.'
  Updating via XMLRPC...
  -> XMLRPC update: success
  No featured media

[53/144] ID 5296: Best Indoor Cat Toys UK (2026): Complete Guide for House Cat
  Current SEO title (0 chars): ''
  Current SEO desc (0 chars): ''
  -> New SEO title (55 chars): 'Best Indoor Cat Toys UK : Complete Guide for House Cats'
  -> New SEO desc (95 chars): 'Discover the best indoor cat toys : complete guide for house cats available in the UK for 2026.'
  Updating via XMLRPC...
  -> XMLRPC update: success
  No featured media

[54/144] ID 5033: How to Choose the Right Cat Toy for Your Cat’s Personality
  Current SEO title (0 chars): ''
  Current SEO desc (0 chars): ''
  -> New SEO title (58 chars): 'How to Choose the Right Cat Toy for Your Cat’s Personality'
  -> New SEO desc (154 chars): 'Learn how to choose the right cat toy for your cat’s personality with our step-by-step guide. Practical tips, expert advice, and common mistakes to avoid.'
  Updating via XMLRPC...
  -> XMLRPC update: success
  No featured media

[55/144] ID 5036: Understanding Cat Play Behaviour: What Different Play Styles
  Current SEO title (0 chars): ''
  Current SEO desc (0 chars): ''
  -> New SEO title (53 chars): 'Understanding Cat Play Behaviour: What Different Play'
  -> New SEO desc (140 chars): 'Understanding Cat Play Behaviour: What Different Play Styles Mean. Practical advice, expert tips, and everything UK pet owners need to know.'
  Updating via XMLRPC...
  -> XMLRPC update: success
  No featured media

[56/144] ID 5032: Cat Toys FAQ: Common Questions Answered
  Current SEO title (0 chars): ''
  Current SEO desc (0 chars): ''
  -> New SEO title (39 chars): 'Cat Toys FAQ: Common Questions Answered'
  -> New SEO desc (103 chars): 'Get answers to the most common questions about cat toys. Clear, expert-backed advice for UK pet owners.'
  Updating via XMLRPC...
  -> XMLRPC update: success
  No featured media

[57/144] ID 5035: Cat Enrichment Beyond Toys: Creating a Stimulating Home
  Current SEO title (0 chars): ''
  Current SEO desc (0 chars): ''
  -> New SEO title (55 chars): 'Cat Enrichment Beyond Toys: Creating a Stimulating Home'
  -> New SEO desc (130 chars): 'Cat Enrichment Beyond Toys: Creating a Stimulating Home. Practical advice, expert tips, and everything UK pet owners need to know.'
  Updating via XMLRPC...
  -> XMLRPC update: success
  No featured media

[58/144] ID 5034: Cat Toy Rotation: How to Keep Toys Fresh and Engaging
  Current SEO title (0 chars): ''
  Current SEO desc (0 chars): ''
  -> New SEO title (53 chars): 'Cat Toy Rotation: How to Keep Toys Fresh and Engaging'
  -> New SEO desc (119 chars): 'Learn how to cat toy rotation with our step-by-step guide. Practical tips, expert advice, and common mistakes to avoid.'
  Updating via XMLRPC...
  -> XMLRPC update: success
  No featured media

[59/144] ID 4792: Puppy Socialisation: A Complete Timeline Guide
  Current SEO title (0 chars): ''
  Current SEO desc (0 chars): ''
  -> New SEO title (46 chars): 'Puppy Socialisation: A Complete Timeline Guide'
  -> New SEO desc (111 chars): 'Your complete guide to puppy socialisation. Evidence-based advice and practical tips for UK pet owners in 2026.'
  Updating via XMLRPC...
  -> XMLRPC update: success
  No featured media

[60/144] ID 4791: How to Choose the Right Dog Training Treats
  Current SEO title (0 chars): ''
  Current SEO desc (0 chars): ''
  -> New SEO title (43 chars): 'How to Choose the Right Dog Training Treats'
  -> New SEO desc (139 chars): 'Learn how to choose the right dog training treats with our step-by-step guide. Practical tips, expert advice, and common mistakes to avoid.'
  Updating via XMLRPC...
  -> XMLRPC update: success
  No featured media

[61/144] ID 4790: DIY Dog Toys: Safe Homemade Options
  Current SEO title (0 chars): ''
  Current SEO desc (0 chars): ''
  -> New SEO title (35 chars): 'DIY Dog Toys: Safe Homemade Options'
  -> New SEO desc (107 chars): 'Make safe, budget-friendly DIY dog toys at home. Step-by-step instructions with materials you already have.'
  Updating via XMLRPC...
  -> XMLRPC update: success
  No featured media

[62/144] ID 4789: Best Types of Dog Toys for Different Play Styles
  Current SEO title (0 chars): ''
  Current SEO desc (0 chars): ''
  -> New SEO title (48 chars): 'Best Types of Dog Toys for Different Play Styles'
  -> New SEO desc (123 chars): 'Best Types of Dog Toys for Different Play Styles. Practical advice, expert tips, and everything UK pet owners need to know.'
  Updating via XMLRPC...
  -> XMLRPC update: success
  No featured media

[63/144] ID 4788: Mental Stimulation for Dogs: Beyond Physical Exercise
  Current SEO title (0 chars): ''
  Current SEO desc (0 chars): ''
  -> New SEO title (53 chars): 'Mental Stimulation for Dogs: Beyond Physical Exercise'
  -> New SEO desc (128 chars): 'Mental Stimulation for Dogs: Beyond Physical Exercise. Practical advice, expert tips, and everything UK pet owners need to know.'
  Updating via XMLRPC...
  -> XMLRPC update: success
  No featured media

[64/144] ID 4787: Dog Toy Safety: What Every Owner Needs to Know
  Current SEO title (0 chars): ''
  Current SEO desc (0 chars): ''
  -> New SEO title (46 chars): 'Dog Toy Safety: What Every Owner Needs to Know'
  -> New SEO desc (121 chars): 'Dog Toy Safety: What Every Owner Needs to Know. Practical advice, expert tips, and everything UK pet owners need to know.'
  Updating via XMLRPC...
  -> XMLRPC update: success
  No featured media

[65/144] ID 4786: Where to Place Your Dog’s Bed: Location and Comfort Tips
  Current SEO title (0 chars): ''
  Current SEO desc (0 chars): ''
  -> New SEO title (56 chars): 'Where to Place Your Dog’s Bed: Location and Comfort Tips'
  -> New SEO desc (131 chars): 'Where to Place Your Dog’s Bed: Location and Comfort Tips. Practical advice, expert tips, and everything UK pet owners need to know.'
  Updating via XMLRPC...
  -> XMLRPC update: success
  No featured media

[66/144] ID 4785: How to Wash and Maintain Your Dog’s Bed
  Current SEO title (0 chars): ''
  Current SEO desc (0 chars): ''
  -> New SEO title (39 chars): 'How to Wash and Maintain Your Dog’s Bed'
  -> New SEO desc (135 chars): 'Learn how to wash and maintain your dog’s bed with our step-by-step guide. Practical tips, expert advice, and common mistakes to avoid.'
  Updating via XMLRPC...
  -> XMLRPC update: success
  No featured media

[67/144] ID 4784: Dog Bed Materials Explained: Foam, Memory Foam, and More
  Current SEO title (0 chars): ''
  Current SEO desc (0 chars): ''
  -> New SEO title (56 chars): 'Dog Bed Materials Explained: Foam, Memory Foam, and More'
  -> New SEO desc (116 chars): 'Understand dog bed materials with this clear, jargon-free guide. Practical knowledge every UK pet owner should have.'
  Updating via XMLRPC...
  -> XMLRPC update: success
  No featured media

[68/144] ID 4783: How to Choose the Right Dog Bed Size
  Current SEO title (0 chars): ''
  Current SEO desc (0 chars): ''
  -> New SEO title (36 chars): 'How to Choose the Right Dog Bed Size'
  -> New SEO desc (132 chars): 'Learn how to choose the right dog bed size with our step-by-step guide. Practical tips, expert advice, and common mistakes to avoid.'
  Updating via XMLRPC...
  -> XMLRPC update: success
  No featured media

[69/144] ID 4573: Seasonal Pet Safety: Protecting Pets Through the Year
  Current SEO title (0 chars): ''
  Current SEO desc (0 chars): ''
  -> New SEO title (53 chars): 'Seasonal Pet Safety: Protecting Pets Through the Year'
  -> New SEO desc (128 chars): 'Seasonal Pet Safety: Protecting Pets Through the Year. Practical advice, expert tips, and everything UK pet owners need to know.'
  Updating via XMLRPC...
  -> XMLRPC update: success
  No featured media

[70/144] ID 4570: First-Time Dog Owner Essentials: What You Need to Know
  Current SEO title (0 chars): ''
  Current SEO desc (0 chars): ''
  -> New SEO title (54 chars): 'First-Time Dog Owner Essentials: What You Need to Know'
  -> New SEO desc (129 chars): 'First-Time Dog Owner Essentials: What You Need to Know. Practical advice, expert tips, and everything UK pet owners need to know.'
  Updating via XMLRPC...
  -> XMLRPC update: success
  No featured media

[71/144] ID 4576: Multi-Pet Household Tips: Living with Dogs and Cats Together
  Current SEO title (0 chars): ''
  Current SEO desc (0 chars): ''
  -> New SEO title (60 chars): 'Multi-Pet Household Tips: Living with Dogs and Cats Together'
  -> New SEO desc (135 chars): 'Multi-Pet Household Tips: Living with Dogs and Cats Together. Practical advice, expert tips, and everything UK pet owners need to know.'
  Updating via XMLRPC...
  -> XMLRPC update: success
  No featured media

[72/144] ID 4574: Pet Hydration Guide: How Much Water Does Your Pet Need?
  Current SEO title (0 chars): ''
  Current SEO desc (0 chars): ''
  -> New SEO title (55 chars): 'Pet Hydration Guide: How Much Water Does Your Pet Need?'
  -> New SEO desc (147 chars): 'Your complete guide to pet hydration guide: how much water does your pet need?. Evidence-based advice and practical tips for UK pet owners in 2026.'
  Updating via XMLRPC...
  -> XMLRPC update: success
  No featured media

[73/144] ID 4571: Pet First Aid Basics: What Every Owner Should Know
  Current SEO title (0 chars): ''
  Current SEO desc (0 chars): ''
  -> New SEO title (50 chars): 'Pet First Aid Basics: What Every Owner Should Know'
  -> New SEO desc (125 chars): 'Pet First Aid Basics: What Every Owner Should Know. Practical advice, expert tips, and everything UK pet owners need to know.'
  Updating via XMLRPC...
  -> XMLRPC update: success
  No featured media

[74/144] ID 4568: Dog Dental Health: A Practical Care Guide
  Current SEO title (0 chars): ''
  Current SEO desc (0 chars): ''
  -> New SEO title (41 chars): 'Dog Dental Health: A Practical Care Guide'
  -> New SEO desc (109 chars): 'Your complete guide to dog dental health. Evidence-based advice and practical tips for UK pet owners in 2026.'
  Updating via XMLRPC...
  -> XMLRPC update: success
  No featured media

[75/144] ID 4566: Seasonal Dog Care: Keeping Your Dog Safe Year-Round
  Current SEO title (0 chars): ''
  Current SEO desc (0 chars): ''
  -> New SEO title (51 chars): 'Seasonal Dog Care: Keeping Your Dog Safe Year-Round'
  -> New SEO desc (126 chars): 'Seasonal Dog Care: Keeping Your Dog Safe Year-Round. Practical advice, expert tips, and everything UK pet owners need to know.'
  Updating via XMLRPC...
  -> XMLRPC update: success
  No featured media

[76/144] ID 4563: Dog Grooming Basics: A Complete Guide for Owners
  Current SEO title (0 chars): ''
  Current SEO desc (0 chars): ''
  -> New SEO title (48 chars): 'Dog Grooming Basics: A Complete Guide for Owners'
  -> New SEO desc (111 chars): 'Your complete guide to dog grooming basics. Evidence-based advice and practical tips for UK pet owners in 2026.'
  Updating via XMLRPC...
  -> XMLRPC update: success
  No featured media

[77/144] ID 4415: Cat Toy Safety Guide: What Every Owner Should Know
  Current SEO title (0 chars): ''
  Current SEO desc (0 chars): ''
  -> New SEO title (50 chars): 'Cat Toy Safety Guide: What Every Owner Should Know'
  -> New SEO desc (142 chars): 'Your complete guide to cat toy safety guide: what every owner should know. Evidence-based advice and practical tips for UK pet owners in 2026.'
  Updating via XMLRPC...
  -> XMLRPC update: success
  No featured media

[78/144] ID 4406: Best Interactive Cat Toys for Indoor Cats: Engagement Guide
  Current SEO title (0 chars): ''
  Current SEO desc (0 chars): ''
  -> New SEO title (59 chars): 'Best Interactive Cat Toys for Indoor Cats: Engagement Guide'
  -> New SEO desc (134 chars): 'Best Interactive Cat Toys for Indoor Cats: Engagement Guide. Practical advice, expert tips, and everything UK pet owners need to know.'
  Updating via XMLRPC...
  -> XMLRPC update: success
  No featured media

[79/144] ID 4414: Harness vs Collar: Which Is Better for Your Dog?
  Current SEO title (0 chars): ''
  Current SEO desc (0 chars): ''
  -> New SEO title (48 chars): 'Harness vs Collar: Which Is Better for Your Dog?'
  -> New SEO desc (146 chars): 'An honest comparison: Harness vs Collar: Which Is Better for Your Dog?. See the key differences, pros, cons, and which option suits your pet best.'
  Updating via XMLRPC...
  -> XMLRPC update: success
  No featured media

[80/144] ID 4413: How to Measure Your Dog for a Harness: Step-by-Step Guide
  Current SEO title (0 chars): ''
  Current SEO desc (0 chars): ''
  -> New SEO title (57 chars): 'How to Measure Your Dog for a Harness: Step-by-Step Guide'
  -> New SEO desc (133 chars): 'Learn how to measure your dog for a harness with our step-by-step guide. Practical tips, expert advice, and common mistakes to avoid.'
  Updating via XMLRPC...
  -> XMLRPC update: success
  No featured media

[81/144] ID 4412: No-Pull Dog Harness Guide: How They Work and When to Use One
  Current SEO title (0 chars): ''
  Current SEO desc (0 chars): ''
  -> New SEO title (60 chars): 'No-Pull Dog Harness Guide: How They Work and When to Use One'
  -> New SEO desc (94 chars): 'Your complete guide to no. Evidence-based advice and practical tips for UK pet owners in 2026.'
  Updating via XMLRPC...
  -> XMLRPC update: success
  No featured media

[82/144] ID 4411: Dog Harnesses: The Complete Guide to Types, Fitting, and Saf
  Current SEO title (0 chars): ''
  Current SEO desc (0 chars): ''
  -> New SEO title (56 chars): 'Dog Harnesses: The Complete Guide to Types, Fitting, and'
  -> New SEO desc (105 chars): 'Your complete guide to dog harnesses. Evidence-based advice and practical tips for UK pet owners in 2026.'
  Updating via XMLRPC...
  -> XMLRPC update: success
  No featured media

[83/144] ID 4410: Cat Enrichment Activities Beyond Toys: Complete Guide
  Current SEO title (0 chars): ''
  Current SEO desc (0 chars): ''
  -> New SEO title (53 chars): 'Cat Enrichment Activities Beyond Toys: Complete Guide'
  -> New SEO desc (129 chars): 'Your complete guide to cat enrichment activities beyond toys. Evidence-based advice and practical tips for UK pet owners in 2026.'
  Updating via XMLRPC...
  -> XMLRPC update: success
  No featured media

[84/144] ID 4409: Kitten vs Adult Cat Toys: Age-Appropriate Play Guide
  Current SEO title (0 chars): ''
  Current SEO desc (0 chars): ''
  -> New SEO title (52 chars): 'Kitten vs Adult Cat Toys: Age-Appropriate Play Guide'
  -> New SEO desc (116 chars): 'Your complete guide to kitten vs adult cat toys. Evidence-based advice and practical tips for UK pet owners in 2026.'
  Updating via XMLRPC...
  -> XMLRPC update: success
  No featured media

[85/144] ID 4408: How Often Should You Replace Cat Toys? A Practical Guide
  Current SEO title (0 chars): ''
  Current SEO desc (0 chars): ''
  -> New SEO title (56 chars): 'How Often Should You Replace Cat Toys? A Practical Guide'
  -> New SEO desc (148 chars): 'Your complete guide to how often should you replace cat toys? a practical guide. Evidence-based advice and practical tips for UK pet owners in 2026.'
  Updating via XMLRPC...
  -> XMLRPC update: success
  No featured media

[86/144] ID 4407: DIY Cat Toys: Safe Homemade Options Your Cat Will Love
  Current SEO title (0 chars): ''
  Current SEO desc (0 chars): ''
  -> New SEO title (54 chars): 'DIY Cat Toys: Safe Homemade Options Your Cat Will Love'
  -> New SEO desc (107 chars): 'Make safe, budget-friendly DIY cat toys at home. Step-by-step instructions with materials you already have.'
  Updating via XMLRPC...
  -> XMLRPC update: success
  No featured media

[87/144] ID 4335: Best Cat Litter Disposal UK (2026) – Waste Management Guide
  Current SEO title (0 chars): ''
  Current SEO desc (0 chars): ''
  -> New SEO title (59 chars): 'Best Cat Litter Disposal UK (2026) – Waste Management Guide'
  -> New SEO desc (141 chars): 'Discover the best cat litter disposal available in the UK for 2026. Expert-reviewed picks with honest ratings, pros, cons, and buying advice.'
  Updating via XMLRPC...
  -> XMLRPC update: success
  Current alt text: 'Best Cat Litter Disposal UK 2026'
  -> Alt text: OK (keeping)

[88/144] ID 4328: Best Self-Cleaning Litter Trays UK (2026) – Automatic Option
  Current SEO title (0 chars): ''
  Current SEO desc (0 chars): ''
  -> New SEO title (54 chars): 'Best Self-Cleaning Litter Trays UK – Automatic Options'
  -> New SEO desc (126 chars): 'Discover the best self available in the UK for 2026. Expert-reviewed picks with honest ratings, pros, cons, and buying advice.'
  Updating via XMLRPC...
  -> XMLRPC update: success
  Current alt text: 'Best Self-Cleaning Litter Trays UK'
  -> Alt text: OK (keeping)

[89/144] ID 4321: Best Cat Litter UK (2026) – Types & Comparison Guide
  Current SEO title (0 chars): ''
  Current SEO desc (0 chars): ''
  -> New SEO title (52 chars): 'Best Cat Litter UK (2026) – Types & Comparison Guide'
  -> New SEO desc (132 chars): 'Discover the best cat litter available in the UK for 2026. Expert-reviewed picks with honest ratings, pros, cons, and buying advice.'
  Updating via XMLRPC...
  -> XMLRPC update: success
  Current alt text: 'Best Cat Litter UK 2026'
  -> Alt text: OK (keeping)

[90/144] ID 4314: Best Cat Litter Trays UK (2026) – Complete Guide
  Current SEO title (0 chars): ''
  Current SEO desc (0 chars): ''
  -> New SEO title (48 chars): 'Best Cat Litter Trays UK (2026) – Complete Guide'
  -> New SEO desc (138 chars): 'Discover the best cat litter trays available in the UK for 2026. Expert-reviewed picks with honest ratings, pros, cons, and buying advice.'
  Updating via XMLRPC...
  -> XMLRPC update: success
  Current alt text: 'Best Cat Litter Trays UK'
  -> Alt text: OK (keeping)

[91/144] ID 4307: Best Wall-Mounted Cat Scratchers UK (2026) – Space Saving
  Current SEO title (0 chars): ''
  Current SEO desc (0 chars): ''
  -> New SEO title (57 chars): 'Best Wall-Mounted Cat Scratchers UK (2026) – Space Saving'
  -> New SEO desc (126 chars): 'Discover the best wall available in the UK for 2026. Expert-reviewed picks with honest ratings, pros, cons, and buying advice.'
  Updating via XMLRPC...
  -> XMLRPC update: success
  Current alt text: 'Best Wall-Mounted Cat Scratchers UK'
  -> Alt text: OK (keeping)

[92/144] ID 4300: Best Cardboard Cat Scratchers UK (2026) – Budget Friendly
  Current SEO title (0 chars): ''
  Current SEO desc (0 chars): ''
  -> New SEO title (57 chars): 'Best Cardboard Cat Scratchers UK (2026) – Budget Friendly'
  -> New SEO desc (146 chars): 'Discover the best cardboard cat scratchers available in the UK for 2026. Expert-reviewed picks with honest ratings, pros, cons, and buying advice.'
  Updating via XMLRPC...
  -> XMLRPC update: success
  Current alt text: 'Best Cardboard Cat Scratchers UK'
  -> Alt text: OK (keeping)

[93/144] ID 4293: Best Cat Trees UK (2026) – Climbing & Scratching Towers
  Current SEO title (0 chars): ''
  Current SEO desc (0 chars): ''
  -> New SEO title (55 chars): 'Best Cat Trees UK (2026) – Climbing & Scratching Towers'
  -> New SEO desc (131 chars): 'Discover the best cat trees available in the UK for 2026. Expert-reviewed picks with honest ratings, pros, cons, and buying advice.'
  Updating via XMLRPC...
  -> XMLRPC update: success
  Current alt text: 'Best Cat Trees UK 2026'
  -> Alt text: OK (keeping)

[94/144] ID 4286: Best Cat Scratching Posts UK (2026) – Complete Guide
  Current SEO title (0 chars): ''
  Current SEO desc (0 chars): ''
  -> New SEO title (52 chars): 'Best Cat Scratching Posts UK (2026) – Complete Guide'
  -> New SEO desc (142 chars): 'Discover the best cat scratching posts available in the UK for 2026. Expert-reviewed picks with honest ratings, pros, cons, and buying advice.'
  Updating via XMLRPC...
  -> XMLRPC update: success
  Current alt text: 'Best Cat Scratching Posts UK'
  -> Alt text: OK (keeping)

[95/144] ID 4279: Best Cat Harnesses UK (2026) – Safe Walking Guide
  Current SEO title (0 chars): ''
  Current SEO desc (0 chars): ''
  -> New SEO title (49 chars): 'Best Cat Harnesses UK (2026) – Safe Walking Guide'
  -> New SEO desc (135 chars): 'Discover the best cat harnesses available in the UK for 2026. Expert-reviewed picks with honest ratings, pros, cons, and buying advice.'
  Updating via XMLRPC...
  -> XMLRPC update: success
  Current alt text: 'Best Cat Harnesses UK 2026'
  -> Alt text: OK (keeping)

[96/144] ID 4272: Best Cat ID Tags UK (2026) – Identification Guide
  Current SEO title (0 chars): ''
  Current SEO desc (0 chars): ''
  -> New SEO title (49 chars): 'Best Cat ID Tags UK (2026) – Identification Guide'
  -> New SEO desc (133 chars): 'Discover the best cat id tags available in the UK for 2026. Expert-reviewed picks with honest ratings, pros, cons, and buying advice.'
  Updating via XMLRPC...
  -> XMLRPC update: success
  Current alt text: 'Best Cat ID Tags UK 2026'
  -> Alt text: OK (keeping)

[97/144] ID 4265: Best Cat GPS Trackers UK (2026) – Location Tracking Guide
  Current SEO title (0 chars): ''
  Current SEO desc (0 chars): ''
  -> New SEO title (57 chars): 'Best Cat GPS Trackers UK (2026) – Location Tracking Guide'
  -> New SEO desc (138 chars): 'Discover the best cat gps trackers available in the UK for 2026. Expert-reviewed picks with honest ratings, pros, cons, and buying advice.'
  Updating via XMLRPC...
  -> XMLRPC update: success
  Current alt text: 'Best Cat GPS Trackers UK 2026'
  -> Alt text: OK (keeping)

[98/144] ID 4258: Best Cat Collars UK (2026) – Complete Safety Guide
  Current SEO title (0 chars): ''
  Current SEO desc (0 chars): ''
  -> New SEO title (50 chars): 'Best Cat Collars UK (2026) – Complete Safety Guide'
  -> New SEO desc (133 chars): 'Discover the best cat collars available in the UK for 2026. Expert-reviewed picks with honest ratings, pros, cons, and buying advice.'
  Updating via XMLRPC...
  -> XMLRPC update: success
  Current alt text: 'Best Cat Collars UK 2026'
  -> Alt text: OK (keeping)

[99/144] ID 4251: Best Cat Shampoo UK (2026) – When & How to Bathe
  Current SEO title (0 chars): ''
  Current SEO desc (0 chars): ''
  -> New SEO title (48 chars): 'Best Cat Shampoo UK (2026) – When & How to Bathe'
  -> New SEO desc (133 chars): 'Discover the best cat shampoo available in the UK for 2026. Expert-reviewed picks with honest ratings, pros, cons, and buying advice.'
  Updating via XMLRPC...
  -> XMLRPC update: success
  Current alt text: 'Best Cat Shampoo UK 2026'
  -> Alt text: OK (keeping)

[100/144] ID 4244: Best Cat Nail Clippers UK (2026) – Safe Trimming Guide
  Current SEO title (0 chars): ''
  Current SEO desc (0 chars): ''
  -> New SEO title (54 chars): 'Best Cat Nail Clippers UK (2026) – Safe Trimming Guide'
  -> New SEO desc (139 chars): 'Discover the best cat nail clippers available in the UK for 2026. Expert-reviewed picks with honest ratings, pros, cons, and buying advice.'
  Updating via XMLRPC...
  -> XMLRPC update: success
  Current alt text: 'Best Cat Nail Clippers UK 2026'
  -> Alt text: OK (keeping)

[101/144] ID 4237: Best Cat Brushes UK (2026) – Guide by Coat Type
  Current SEO title (0 chars): ''
  Current SEO desc (0 chars): ''
  -> New SEO title (47 chars): 'Best Cat Brushes UK (2026) – Guide by Coat Type'
  -> New SEO desc (133 chars): 'Discover the best cat brushes available in the UK for 2026. Expert-reviewed picks with honest ratings, pros, cons, and buying advice.'
  Updating via XMLRPC...
  -> XMLRPC update: success
  Current alt text: 'Best Cat Brushes UK 2026'
  -> Alt text: OK (keeping)

[102/144] ID 4230: Best Cat Grooming Supplies UK (2026) – Complete Guide
  Current SEO title (0 chars): ''
  Current SEO desc (0 chars): ''
  -> New SEO title (53 chars): 'Best Cat Grooming Supplies UK (2026) – Complete Guide'
  -> New SEO desc (143 chars): 'Discover the best cat grooming supplies available in the UK for 2026. Expert-reviewed picks with honest ratings, pros, cons, and buying advice.'
  Updating via XMLRPC...
  -> XMLRPC update: success
  Current alt text: 'Best Cat Grooming Supplies UK'
  -> Alt text: OK (keeping)

[103/144] ID 4223: Best Cat Window Perches UK (2026) – Sunning & Bird Watching
  Current SEO title (0 chars): ''
  Current SEO desc (0 chars): ''
  -> New SEO title (59 chars): 'Best Cat Window Perches UK (2026) – Sunning & Bird Watching'
  -> New SEO desc (140 chars): 'Discover the best cat window perches available in the UK for 2026. Expert-reviewed picks with honest ratings, pros, cons, and buying advice.'
  Updating via XMLRPC...
  -> XMLRPC update: success
  Current alt text: 'Best Cat Window Perches UK 2026'
  -> Alt text: OK (keeping)

[104/144] ID 4216: Best Cat Radiator Beds UK (2026) – Hook-On Warmth Guide
  Current SEO title (0 chars): ''
  Current SEO desc (0 chars): ''
  -> New SEO title (55 chars): 'Best Cat Radiator Beds UK (2026) – Hook-On Warmth Guide'
  -> New SEO desc (139 chars): 'Discover the best cat radiator beds available in the UK for 2026. Expert-reviewed picks with honest ratings, pros, cons, and buying advice.'
  Updating via XMLRPC...
  -> XMLRPC update: success
  Current alt text: 'Best Cat Radiator Beds UK 2026'
  -> Alt text: OK (keeping)

[105/144] ID 4209: Best Heated Cat Beds UK (2026) – Winter Warmth Guide
  Current SEO title (0 chars): ''
  Current SEO desc (0 chars): ''
  -> New SEO title (52 chars): 'Best Heated Cat Beds UK (2026) – Winter Warmth Guide'
  -> New SEO desc (137 chars): 'Discover the best heated cat beds available in the UK for 2026. Expert-reviewed picks with honest ratings, pros, cons, and buying advice.'
  Updating via XMLRPC...
  -> XMLRPC update: success
  Current alt text: 'Best Heated Cat Beds UK 2026'
  -> Alt text: OK (keeping)

[106/144] ID 4202: Best Cat Beds UK (2026) – Complete Guide
  Current SEO title (0 chars): ''
  Current SEO desc (0 chars): ''
  -> New SEO title (40 chars): 'Best Cat Beds UK (2026) – Complete Guide'
  -> New SEO desc (130 chars): 'Discover the best cat beds available in the UK for 2026. Expert-reviewed picks with honest ratings, pros, cons, and buying advice.'
  Updating via XMLRPC...
  -> XMLRPC update: success
  Current alt text: 'Best Cat Beds UK 2026'
  -> Alt text: OK (keeping)

[107/144] ID 4195: Best Cat Toys for Indoor Cats UK (2026) – Enrichment Guide
  Current SEO title (0 chars): ''
  Current SEO desc (0 chars): ''
  -> New SEO title (58 chars): 'Best Cat Toys for Indoor Cats UK (2026) – Enrichment Guide'
  -> New SEO desc (146 chars): 'Discover the best cat toys for indoor cats available in the UK for 2026. Expert-reviewed picks with honest ratings, pros, cons, and buying advice.'
  Updating via XMLRPC...
  -> XMLRPC update: success
  Current alt text: 'Best Cat Toys for Indoor Cats UK'
  -> Alt text: OK (keeping)

[108/144] ID 4188: Best Catnip Toys UK (2026) – What Works and Why
  Current SEO title (0 chars): ''
  Current SEO desc (0 chars): ''
  -> New SEO title (47 chars): 'Best Catnip Toys UK (2026) – What Works and Why'
  -> New SEO desc (133 chars): 'Discover the best catnip toys available in the UK for 2026. Expert-reviewed picks with honest ratings, pros, cons, and buying advice.'
  Updating via XMLRPC...
  -> XMLRPC update: success
  Current alt text: 'Best Catnip Toys UK 2026'
  -> Alt text: OK (keeping)

[109/144] ID 4181: Best Interactive Cat Toys UK (2026) – Wand & Puzzle Guide
  Current SEO title (0 chars): ''
  Current SEO desc (0 chars): ''
  -> New SEO title (57 chars): 'Best Interactive Cat Toys UK (2026) – Wand & Puzzle Guide'
  -> New SEO desc (142 chars): 'Discover the best interactive cat toys available in the UK for 2026. Expert-reviewed picks with honest ratings, pros, cons, and buying advice.'
  Updating via XMLRPC...
  -> XMLRPC update: success
  Current alt text: 'Best Interactive Cat Toys UK 2026'
  -> Alt text: OK (keeping)

[110/144] ID 4174: Best Cat Toys UK (2026) – Complete Guide
  Current SEO title (0 chars): ''
  Current SEO desc (0 chars): ''
  -> New SEO title (40 chars): 'Best Cat Toys UK (2026) – Complete Guide'
  -> New SEO desc (130 chars): 'Discover the best cat toys available in the UK for 2026. Expert-reviewed picks with honest ratings, pros, cons, and buying advice.'
  Updating via XMLRPC...
  -> XMLRPC update: success
  Current alt text: 'Best Cat Toys UK 2026'
  -> Alt text: OK (keeping)

[111/144] ID 4167: Best Dog Water Bottles UK (2026) – Travel Hydration Guide
  Current SEO title (0 chars): ''
  Current SEO desc (0 chars): ''
  -> New SEO title (57 chars): 'Best Dog Water Bottles UK (2026) – Travel Hydration Guide'
  -> New SEO desc (139 chars): 'Discover the best dog water bottles available in the UK for 2026. Expert-reviewed picks with honest ratings, pros, cons, and buying advice.'
  Updating via XMLRPC...
  -> XMLRPC update: success
  Current alt text: 'Best Dog Water Bottles UK 2026'
  -> Alt text: OK (keeping)

[112/144] ID 4160: Best Elevated Dog Bowls UK (2026) – Raised Feeder Guide
  Current SEO title (0 chars): ''
  Current SEO desc (0 chars): ''
  -> New SEO title (55 chars): 'Best Elevated Dog Bowls UK (2026) – Raised Feeder Guide'
  -> New SEO desc (140 chars): 'Discover the best elevated dog bowls available in the UK for 2026. Expert-reviewed picks with honest ratings, pros, cons, and buying advice.'
  Updating via XMLRPC...
  -> XMLRPC update: success
  Current alt text: 'Best Elevated Dog Bowls UK 2026'
  -> Alt text: OK (keeping)

[113/144] ID 4153: Best Slow Feeder Dog Bowls UK (2026) – Prevent Speed Eating
  Current SEO title (0 chars): ''
  Current SEO desc (0 chars): ''
  -> New SEO title (59 chars): 'Best Slow Feeder Dog Bowls UK (2026) – Prevent Speed Eating'
  -> New SEO desc (143 chars): 'Discover the best slow feeder dog bowls available in the UK for 2026. Expert-reviewed picks with honest ratings, pros, cons, and buying advice.'
  Updating via XMLRPC...
  -> XMLRPC update: success
  Current alt text: 'Best Slow Feeder Dog Bowls UK 2026'
  -> Alt text: OK (keeping)

[114/144] ID 4146: Best Dog Bowls and Feeding UK (2026) – Complete Guide
  Current SEO title (0 chars): ''
  Current SEO desc (0 chars): ''
  -> New SEO title (53 chars): 'Best Dog Bowls and Feeding UK (2026) – Complete Guide'
  -> New SEO desc (143 chars): 'Discover the best dog bowls and feeding available in the UK for 2026. Expert-reviewed picks with honest ratings, pros, cons, and buying advice.'
  Updating via XMLRPC...
  -> XMLRPC update: success
  Current alt text: 'Best Dog Bowls & Feeding UK'
  -> Alt text: OK (keeping)

[115/144] ID 4139: Best Dog Training Leads UK (2026) – Long Lines & Harnesses
  Current SEO title (0 chars): ''
  Current SEO desc (0 chars): ''
  -> New SEO title (58 chars): 'Best Dog Training Leads UK (2026) – Long Lines & Harnesses'
  -> New SEO desc (140 chars): 'Discover the best dog training leads available in the UK for 2026. Expert-reviewed picks with honest ratings, pros, cons, and buying advice.'
  Updating via XMLRPC...
  -> XMLRPC update: success
  Current alt text: 'Best Dog Training Leads UK 2026'
  -> Alt text: OK (keeping)

[116/144] ID 4132: Best Puppy Training Guide UK (2026) – First Year Essentials
  Current SEO title (0 chars): ''
  Current SEO desc (0 chars): ''
  -> New SEO title (59 chars): 'Best Puppy Training Guide UK (2026) – First Year Essentials'
  -> New SEO desc (142 chars): 'Discover the best puppy training guide available in the UK for 2026. Expert-reviewed picks with honest ratings, pros, cons, and buying advice.'
  Updating via XMLRPC...
  -> XMLRPC update: success
  Current alt text: 'Best Puppy Training Guide UK 2026'
  -> Alt text: OK (keeping)

[117/144] ID 4125: Best Dog Training Treats UK (2026) – Reward Guide
  Current SEO title (0 chars): ''
  Current SEO desc (0 chars): ''
  -> New SEO title (49 chars): 'Best Dog Training Treats UK (2026) – Reward Guide'
  -> New SEO desc (141 chars): 'Discover the best dog training treats available in the UK for 2026. Expert-reviewed picks with honest ratings, pros, cons, and buying advice.'
  Updating via XMLRPC...
  -> XMLRPC update: success
  Current alt text: 'Best Dog Training Treats UK 2026'
  -> Alt text: OK (keeping)

[118/144] ID 4118: Best Dog Training and Behaviour UK (2026) – Complete Guide
  Current SEO title (0 chars): ''
  Current SEO desc (0 chars): ''
  -> New SEO title (58 chars): 'Best Dog Training and Behaviour UK (2026) – Complete Guide'
  -> New SEO desc (148 chars): 'Discover the best dog training and behaviour available in the UK for 2026. Expert-reviewed picks with honest ratings, pros, cons, and buying advice.'
  Updating via XMLRPC...
  -> XMLRPC update: success
  Current alt text: 'Best Dog Training & Behaviour UK'
  -> Alt text: OK (keeping)

[119/144] ID 4110: Best Dog Joint Supplements UK (2026) – Mobility Support Guid
  Current SEO title (0 chars): ''
  Current SEO desc (0 chars): ''
  -> New SEO title (54 chars): 'Best Dog Joint Supplements UK – Mobility Support Guide'
  -> New SEO desc (143 chars): 'Discover the best dog joint supplements available in the UK for 2026. Expert-reviewed picks with honest ratings, pros, cons, and buying advice.'
  Updating via XMLRPC...
  -> XMLRPC update: success
  Current alt text: 'Best Dog Joint Supplements UK 2026'
  -> Alt text: OK (keeping)

[120/144] ID 4103: Best Dog Flea Treatment UK (2026) – Prevention Guide
  Current SEO title (0 chars): ''
  Current SEO desc (0 chars): ''
  -> New SEO title (52 chars): 'Best Dog Flea Treatment UK (2026) – Prevention Guide'
  -> New SEO desc (140 chars): 'Discover the best dog flea treatment available in the UK for 2026. Expert-reviewed picks with honest ratings, pros, cons, and buying advice.'
  Updating via XMLRPC...
  -> XMLRPC update: success
  Current alt text: 'Best Dog Flea Treatment UK 2026'
  -> Alt text: OK (keeping)

[121/144] ID 4096: Best Dog Dental Care UK (2026) – Teeth Cleaning Guide
  Current SEO title (0 chars): ''
  Current SEO desc (0 chars): ''
  -> New SEO title (53 chars): 'Best Dog Dental Care UK (2026) – Teeth Cleaning Guide'
  -> New SEO desc (137 chars): 'Discover the best dog dental care available in the UK for 2026. Expert-reviewed picks with honest ratings, pros, cons, and buying advice.'
  Updating via XMLRPC...
  -> XMLRPC update: success
  Current alt text: 'Best Dog Dental Care UK 2026'
  -> Alt text: OK (keeping)

[122/144] ID 4089: Best Dog Health and Care UK (2026) – Complete Guide
  Current SEO title (0 chars): ''
  Current SEO desc (0 chars): ''
  -> New SEO title (51 chars): 'Best Dog Health and Care UK (2026) – Complete Guide'
  -> New SEO desc (141 chars): 'Discover the best dog health and care available in the UK for 2026. Expert-reviewed picks with honest ratings, pros, cons, and buying advice.'
  Updating via XMLRPC...
  -> XMLRPC update: success
  Current alt text: 'Best Dog Health and Care UK'
  -> Alt text: OK (keeping)

[123/144] ID 4078: Best Dog Nail Clippers UK (2026) – Trimming & Grinding Guide
  Current SEO title (0 chars): ''
  Current SEO desc (0 chars): ''
  -> New SEO title (60 chars): 'Best Dog Nail Clippers UK (2026) – Trimming & Grinding Guide'
  -> New SEO desc (139 chars): 'Discover the best dog nail clippers available in the UK for 2026. Expert-reviewed picks with honest ratings, pros, cons, and buying advice.'
  Updating via XMLRPC...
  -> XMLRPC update: success
  Current alt text: 'Best Dog Nail Clippers UK 2026'
  -> Alt text: OK (keeping)

[124/144] ID 4071: Best Dog Shampoo UK (2026) – Ingredients & Safety Guide
  Current SEO title (0 chars): ''
  Current SEO desc (0 chars): ''
  -> New SEO title (55 chars): 'Best Dog Shampoo UK (2026) – Ingredients & Safety Guide'
  -> New SEO desc (133 chars): 'Discover the best dog shampoo available in the UK for 2026. Expert-reviewed picks with honest ratings, pros, cons, and buying advice.'
  Updating via XMLRPC...
  -> XMLRPC update: success
  Current alt text: 'Best Dog Shampoo UK 2026'
  -> Alt text: OK (keeping)

[125/144] ID 4064: Best Dog Brushes UK (2026) – Guide by Coat Type
  Current SEO title (0 chars): ''
  Current SEO desc (0 chars): ''
  -> New SEO title (47 chars): 'Best Dog Brushes UK (2026) – Guide by Coat Type'
  -> New SEO desc (133 chars): 'Discover the best dog brushes available in the UK for 2026. Expert-reviewed picks with honest ratings, pros, cons, and buying advice.'
  Updating via XMLRPC...
  -> XMLRPC update: success
  Current alt text: 'Best Dog Brushes UK 2026'
  -> Alt text: OK (keeping)

[126/144] ID 4057: Best Dog Grooming Supplies UK (2026) – Complete Guide
  Current SEO title (0 chars): ''
  Current SEO desc (0 chars): ''
  -> New SEO title (53 chars): 'Best Dog Grooming Supplies UK (2026) – Complete Guide'
  -> New SEO desc (143 chars): 'Discover the best dog grooming supplies available in the UK for 2026. Expert-reviewed picks with honest ratings, pros, cons, and buying advice.'
  Updating via XMLRPC...
  -> XMLRPC update: success
  Current alt text: 'Best Dog Grooming Supplies UK'
  -> Alt text: OK (keeping)

[127/144] ID 4049: Best Puppy Collars UK (2026) – First Collar & Harness Guide
  Current SEO title (0 chars): ''
  Current SEO desc (0 chars): ''
  -> New SEO title (59 chars): 'Best Puppy Collars UK (2026) – First Collar & Harness Guide'
  -> New SEO desc (135 chars): 'Discover the best puppy collars available in the UK for 2026. Expert-reviewed picks with honest ratings, pros, cons, and buying advice.'
  Updating via XMLRPC...
  -> XMLRPC update: success
  Current alt text: 'Best Puppy Collars UK 2026'
  -> Alt text: OK (keeping)

[128/144] ID 4042: Best Dog Leads UK (2026) – Walking & Training Lead Guide
  Current SEO title (0 chars): ''
  Current SEO desc (0 chars): ''
  -> New SEO title (56 chars): 'Best Dog Leads UK (2026) – Walking & Training Lead Guide'
  -> New SEO desc (131 chars): 'Discover the best dog leads available in the UK for 2026. Expert-reviewed picks with honest ratings, pros, cons, and buying advice.'
  Updating via XMLRPC...
  -> XMLRPC update: success
  Current alt text: 'Best Dog Leads UK 2026'
  -> Alt text: OK (keeping)

[129/144] ID 4034: Best No-Pull Dog Harnesses UK (2026) – Training & Comfort Gu
  Current SEO title (0 chars): ''
  Current SEO desc (0 chars): ''
  -> New SEO title (56 chars): 'Best No-Pull Dog Harnesses UK – Training & Comfort Guide'
  -> New SEO desc (124 chars): 'Discover the best no available in the UK for 2026. Expert-reviewed picks with honest ratings, pros, cons, and buying advice.'
  Updating via XMLRPC...
  -> XMLRPC update: success
  Current alt text: 'Best No-Pull Dog Harnesses UK'
  -> Alt text: OK (keeping)

[130/144] ID 4027: Best Dog Collars and Harnesses UK (2026) – Complete Guide
  Current SEO title (0 chars): ''
  Current SEO desc (0 chars): ''
  -> New SEO title (57 chars): 'Best Dog Collars and Harnesses UK (2026) – Complete Guide'
  -> New SEO desc (147 chars): 'Discover the best dog collars and harnesses available in the UK for 2026. Expert-reviewed picks with honest ratings, pros, cons, and buying advice.'
  Updating via XMLRPC...
  -> XMLRPC update: success
  Current alt text: 'Best Dog Collars & Harnesses UK'
  -> Alt text: OK (keeping)

[131/144] ID 4018: Best Puppy Beds UK (2026) – First Bed & Crate Training Guide
  Current SEO title (0 chars): ''
  Current SEO desc (0 chars): ''
  -> New SEO title (60 chars): 'Best Puppy Beds UK (2026) – First Bed & Crate Training Guide'
  -> New SEO desc (132 chars): 'Discover the best puppy beds available in the UK for 2026. Expert-reviewed picks with honest ratings, pros, cons, and buying advice.'
  Updating via XMLRPC...
  -> XMLRPC update: success
  Current alt text: 'Best Puppy Beds UK 2026'
  -> Alt text: OK (keeping)

[132/144] ID 4011: Best Cooling Dog Beds UK (2026) – Temperature Regulation Gui
  Current SEO title (0 chars): ''
  Current SEO desc (0 chars): ''
  -> New SEO title (55 chars): 'Best Cooling Dog Beds UK – Temperature Regulation Guide'
  -> New SEO desc (138 chars): 'Discover the best cooling dog beds available in the UK for 2026. Expert-reviewed picks with honest ratings, pros, cons, and buying advice.'
  Updating via XMLRPC...
  -> XMLRPC update: success
  Current alt text: 'Best Cooling Dog Beds UK'
  -> Alt text: OK (keeping)

[133/144] ID 4004: Best Orthopaedic Dog Beds UK (2026) – Joint Support Guide
  Current SEO title (0 chars): ''
  Current SEO desc (0 chars): ''
  -> New SEO title (57 chars): 'Best Orthopaedic Dog Beds UK (2026) – Joint Support Guide'
  -> New SEO desc (142 chars): 'Discover the best orthopaedic dog beds available in the UK for 2026. Expert-reviewed picks with honest ratings, pros, cons, and buying advice.'
  Updating via XMLRPC...
  -> XMLRPC update: success
  Current alt text: 'Best Orthopaedic Dog Beds UK'
  -> Alt text: OK (keeping)

[134/144] ID 3996: Best Dog Beds UK (2026) – Complete Guide & Honest Reviews
  Current SEO title (0 chars): ''
  Current SEO desc (0 chars): ''
  -> New SEO title (57 chars): 'Best Dog Beds UK (2026) – Complete Guide & Honest Reviews'
  -> New SEO desc (130 chars): 'Discover the best dog beds available in the UK for 2026. Expert-reviewed picks with honest ratings, pros, cons, and buying advice.'
  Updating via XMLRPC...
  -> XMLRPC update: success
  Current alt text: 'Best Dog Beds UK 2026'
  -> Alt text: OK (keeping)

[135/144] ID 3960: Best Puppy Toys UK (2026) – Teething & First Toys Guide
  Current SEO title (0 chars): ''
  Current SEO desc (0 chars): ''
  -> New SEO title (55 chars): 'Best Puppy Toys UK (2026) – Teething & First Toys Guide'
  -> New SEO desc (132 chars): 'Discover the best puppy toys available in the UK for 2026. Expert-reviewed picks with honest ratings, pros, cons, and buying advice.'
  Updating via XMLRPC...
  -> XMLRPC update: success
  Current alt text: 'Best Puppy Toys UK 2026 - Teething and First Toys'
  -> Alt text: OK (keeping)

[136/144] ID 3959: Best Interactive Dog Toys UK (2026) – Puzzle & Enrichment Gu
  Current SEO title (0 chars): ''
  Current SEO desc (0 chars): ''
  -> New SEO title (56 chars): 'Best Interactive Dog Toys UK – Puzzle & Enrichment Guide'
  -> New SEO desc (142 chars): 'Discover the best interactive dog toys available in the UK for 2026. Expert-reviewed picks with honest ratings, pros, cons, and buying advice.'
  Updating via XMLRPC...
  -> XMLRPC update: success
  Current alt text: 'Best Interactive Dog Toys UK - Puzzle and Enrichment Guide'
  -> Alt text: OK (keeping)

[137/144] ID 3957: Best Indestructible Dog Toys UK (2026) – Tough Toys for Heav
  Current SEO title (0 chars): ''
  Current SEO desc (0 chars): ''
  -> New SEO title (54 chars): 'Best Indestructible Dog Toys UK – Tough Toys for Heavy'
  -> New SEO desc (145 chars): 'Discover the best indestructible dog toys available in the UK for 2026. Expert-reviewed picks with honest ratings, pros, cons, and buying advice.'
  Updating via XMLRPC...
  -> XMLRPC update: success
  Current alt text: 'Best Indestructible Dog Toys UK - Tough Toys for Heavy Chewe'
  -> Alt text: OK (keeping)

[138/144] ID 3956: Best Dog Toys UK (2026) – Complete Guide & Honest Reviews
  Current SEO title (0 chars): ''
  Current SEO desc (0 chars): ''
  -> New SEO title (57 chars): 'Best Dog Toys UK (2026) – Complete Guide & Honest Reviews'
  -> New SEO desc (130 chars): 'Discover the best dog toys available in the UK for 2026. Expert-reviewed picks with honest ratings, pros, cons, and buying advice.'
  Updating via XMLRPC...
  -> XMLRPC update: success
  Current alt text: 'Best Dog Toys UK 2026 - Complete Guide'
  -> Alt text: OK (keeping)

[139/144] ID 3839: Best Puppy Food UK (2026) – Growth-Stage Nutrition Guide
  Current SEO title (0 chars): ''
  Current SEO desc (0 chars): ''
  -> New SEO title (56 chars): 'Best Puppy Food UK (2026) – Growth-Stage Nutrition Guide'
  -> New SEO desc (132 chars): 'Discover the best puppy food available in the UK for 2026. Expert-reviewed picks with honest ratings, pros, cons, and buying advice.'
  Updating via XMLRPC...
  -> XMLRPC update: success
  Current alt text: 'Timeline infographic showing four puppy growth stages from w'
  -> Alt text: OK (keeping)

[140/144] ID 3838: Dry vs Wet Dog Food UK – An Honest Comparison Guide
  Current SEO title (0 chars): ''
  Current SEO desc (0 chars): ''
  -> New SEO title (51 chars): 'Dry vs Wet Dog Food UK – An Honest Comparison Guide'
  -> New SEO desc (114 chars): 'Your complete guide to dry vs wet dog food uk. Evidence-based advice and practical tips for UK pet owners in 2026.'
  Updating via XMLRPC...
  -> XMLRPC update: success
  Current alt text: 'Side-by-side comparison infographic of dry and wet dog food '
  -> Alt text: OK (keeping)

[141/144] ID 3837: Best Dry Dog Food UK (2026) – Evidence-Based Guide
  Current SEO title (0 chars): ''
  Current SEO desc (0 chars): ''
  -> New SEO title (50 chars): 'Best Dry Dog Food UK (2026) – Evidence-Based Guide'
  -> New SEO desc (134 chars): 'Discover the best dry dog food available in the UK for 2026. Expert-reviewed picks with honest ratings, pros, cons, and buying advice.'
  Updating via XMLRPC...
  -> XMLRPC update: success
  Current alt text: 'Infographic explaining UK dog food label nutrition breakdown'
  -> Alt text: OK (keeping)

[142/144] ID 3836: Best Dog Food UK (2026) – Complete Buying Guide
  Current SEO title (0 chars): ''
  Current SEO desc (0 chars): ''
  -> New SEO title (47 chars): 'Best Dog Food UK (2026) – Complete Buying Guide'
  -> New SEO desc (130 chars): 'Discover the best dog food available in the UK for 2026. Expert-reviewed picks with honest ratings, pros, cons, and buying advice.'
  Updating via XMLRPC...
  -> XMLRPC update: success
  Current alt text: 'Infographic showing the structure of the Best Dog Food UK gu'
  -> Alt text: OK (keeping)

[143/144] ID 696: Essential Cat Supplies for Cat Owners – Number 1 Must-Haves
  Current SEO title (0 chars): ''
  Current SEO desc (0 chars): ''
  -> New SEO title (59 chars): 'Essential Cat Supplies for Cat Owners – Number 1 Must-Haves'
  -> New SEO desc (134 chars): 'Essential Cat Supplies for Cat Owners – Number 1 Must-Haves. Practical advice, expert tips, and everything UK pet owners need to know.'
  Updating via XMLRPC...
  -> XMLRPC update: success
  Current alt text: 'cat supplies blog post image'
  -> Alt text: OK (keeping)

[144/144] ID 3: Dog Toys UK (2026) – Essential Guide for Pet Owners
  Current SEO title (45 chars): 'Dog Toys UK (2026) - Essential Guide | PetHub'
  Current SEO desc (125 chars): 'Your complete guide to dog toys UK. Evidence-based advice, practical tips, and e'
  -> SEO title: OK (keeping)
  -> SEO desc: OK (keeping)
  Current alt text: 'top ten essential dog toys article image'
  -> Alt text: OK (keeping)


Writing log to /var/lib/freelancer/projects/40416335/phase10ak_data/seo_metadata_log.csv...

======================================================================
Phase 10AK v2 Complete!
======================================================================
Total posts processed: 144
Updated: 133
Skipped (already optimized): 11
Errors: 0
Log written to: /var/lib/freelancer/projects/40416335/phase10ak_data/seo_metadata_log.csv
