======================================================================
PHASE 14 WORKSTREAM 6: FEATURED SNIPPET BOOST
======================================================================

[1/3] Fetching all published posts...
  Total posts: 168

[2/3] Identifying posts needing snippet enhancement...
  Posts below 90%: 155

[3/3] Applying snippet enhancements...
  [1/155] OK ID:6048 +definition,direct_answer,numbered_list | Confidence-Building Play: Helping Shy and Fea...
  [2/155] OK ID:6044 +definition,direct_answer,numbered_list | Rotating Puzzle Complexity: Progressive Chall...
  [3/155] OK ID:5511 +definition,direct_answer,numbered_list | Pet Enrichment Explained: Types, Benefits, an...
  [4/155] OK ID:5462 +definition,direct_answer,numbered_list | Dog Training Terminology Explained: Key Conce...
  [5/155] OK ID:5417 +definition,numbered_list | Puppy Care Essentials: Key Terms Every New Ow...
  [6/155] OK ID:4244 +definition,direct_answer,numbered_list | Best Cat Nail Clippers UK (2026) – Safe Trimm...
  [7/155] FAIL ID:4237 +definition,direct_answer,numbered_list | Best Cat Brushes UK (2026) – Guide by Coat Ty...
  [8/155] OK ID:8172 +definition,direct_answer | Our Research Standards
  [9/155] OK ID:7346 +definition,direct_answer | Indoor Cat Diet and Nutrition: Feeding Guidel...
  [10/155] OK ID:7345 +definition,direct_answer | Indoor Cat Behaviour: Understanding and Manag...
  [11/155] OK ID:7344 +definition,direct_answer | Creating a Cat-Friendly Home: Environmental E...
  [12/155] OK ID:7343 +definition,direct_answer | Indoor Cat Safety: Common Household Hazards f...
  [13/155] OK ID:7342 +definition,direct_answer | Indoor Cat Exercise: Keeping House Cats Activ...
  [14/155] OK ID:7336 +definition,direct_answer | Dog Bed Safety: Avoiding Hazards and Choosing...
  [15/155] OK ID:7335 +definition,direct_answer | Seasonal Dog Bedding: Adjusting Comfort Throu...
  [16/155] OK ID:7334 +definition,direct_answer | Puppy Bed Training: Helping Your Dog Love The...
  [17/155] OK ID:7333 +definition,direct_answer | Dog Bed Placement Guide: Where to Put Your Do...
  [18/155] OK ID:7332 +definition,direct_answer | How to Wash and Dry a Dog Bed Safely
  [19/155] OK ID:7177 +definition,direct_answer | Cat Toy Terminology: Understanding Play Types...
  [20/155] OK ID:7174 +definition,direct_answer | Dog Bed Terminology: Materials, Types, and Si...
  --- Progress: 19 fixed, 1 failed ---
  [21/155] OK ID:7172 +definition,direct_answer | Dog Food Glossary: Understanding Ingredients ...
  [22/155] OK ID:7170 +definition,direct_answer | Dog Health Terminology: Understanding Common ...
  [23/155] OK ID:7169 +definition,direct_answer | Puppy Care Glossary: Essential Terms for New ...
  [24/155] OK ID:7167 +definition,direct_answer | Indoor Cat Terminology: A Complete Glossary f...
  [25/155] OK ID:5521 +definition,direct_answer | Pet Health Terminology: A Guide to Common Vet...
  [26/155] OK ID:5520 +definition,direct_answer | Dog Health Basics: Common Conditions, Prevent...
  [27/155] OK ID:5509 +definition,direct_answer | Pet Toy Safety: Understanding Materials, Haza...
  [28/155] OK ID:5467 +definition,direct_answer | Pet Feeding Guide: Understanding Portions, Sc...
  [29/155] OK ID:5464 +definition,direct_answer | Pet Grooming Glossary: Understanding Grooming...
  [30/155] OK ID:5460 +definition,direct_answer | Pet Nutrition Terminology: A Guide to Common ...
  [31/155] OK ID:5458 +definition,direct_answer | Cat Scratching Behaviour Explained: Why Cats ...
  [32/155] OK ID:5425 +definition,direct_answer | Dog Toys FAQ: Common Questions Answered
  [33/155] OK ID:5424 +definition,direct_answer | Aggressive Chewer Guide: Safe Toys for Power ...
  [34/155] OK ID:5423 +definition,direct_answer | Dog Toy Enrichment: Beyond Basic Fetch
  [35/155] OK ID:5422 +definition,direct_answer | Indoor vs Outdoor Dog Toys: Choosing the Righ...
  [36/155] OK ID:5421 +definition,direct_answer | Puppy-Safe Dog Toys: What to Look For and Wha...
  [37/155] OK ID:5420 +definition,direct_answer | Dog Toy Cleaning Guide: How to Keep Toys Hygi...
  [38/155] OK ID:5419 +definition,direct_answer | Cat Care Basics: A Glossary for New Cat Owner...
  [39/155] OK ID:5418 +definition,direct_answer | Dog Harness Types Explained: Finding the Righ...
  [40/155] OK ID:5416 +definition,direct_answer | Dog Bed Types Explained: A Complete Glossary
  --- Progress: 39 fixed, 1 failed ---
  [41/155] OK ID:5414 +definition,direct_answer | Cat Toy Types Explained: A Complete Glossary
  [42/155] OK ID:5296 +definition,numbered_list | Best Indoor Cat Toys UK (2026): Complete Guid...
  [43/155] OK ID:5033 +definition,direct_answer | How to Choose the Right Cat Toy for Your Cat&...
  [44/155] OK ID:5036 +definition,direct_answer | Understanding Cat Play Behaviour: What Differ...
  [45/155] OK ID:5032 +definition,direct_answer | Cat Toys FAQ: Common Questions Answered
  [46/155] OK ID:5035 +definition,direct_answer | Cat Enrichment Beyond Toys: Creating a Stimul...
  [47/155] OK ID:5034 +definition,direct_answer | Cat Toy Rotation: How to Keep Toys Fresh and ...
  [48/155] OK ID:4792 +definition,direct_answer | Puppy Socialisation: A Complete Timeline Guid...
  [49/155] OK ID:4791 +definition,direct_answer | How to Choose the Right Dog Training Treats
  [50/155] OK ID:4790 +definition,direct_answer | DIY Dog Toys: Safe Homemade Options
  [51/155] OK ID:4789 +definition,direct_answer | Best Types of Dog Toys for Different Play Sty...
  [52/155] OK ID:4788 +definition,direct_answer | Mental Stimulation for Dogs: Beyond Physical ...
  [53/155] OK ID:4787 +definition,direct_answer | Dog Toy Safety: What Every Owner Needs to Kno...
  [54/155] OK ID:4786 +definition,direct_answer | Where to Place Your Dog&#8217;s Bed: Location...
  [55/155] OK ID:4785 +definition,direct_answer | How to Wash and Maintain Your Dog&#8217;s Bed
  [56/155] OK ID:4784 +definition,direct_answer | Dog Bed Materials Explained: Foam, Memory Foa...
  [57/155] OK ID:4783 +definition,direct_answer | How to Choose the Right Dog Bed Size
  [58/155] OK ID:4570 +definition,direct_answer | First-Time Dog Owner Essentials: What You Nee...
  [59/155] OK ID:4571 +definition,direct_answer | Pet First Aid Basics: What Every Owner Should...
  [60/155] OK ID:4566 +definition,direct_answer | Seasonal Dog Care: Keeping Your Dog Safe Year...
  --- Progress: 59 fixed, 1 failed ---
  [61/155] OK ID:4563 +definition,direct_answer | Dog Grooming Basics: A Complete Guide for Own...
  [62/155] OK ID:4415 +definition,direct_answer | Cat Toy Safety Guide: What Every Owner Should...
  [63/155] OK ID:4414 +definition,direct_answer | Harness vs Collar: Which Is Better for Your D...
  [64/155] OK ID:4413 +definition,direct_answer | How to Measure Your Dog for a Harness: Step-b...
  [65/155] OK ID:4412 +definition,direct_answer | No-Pull Dog Harness Guide: How They Work and ...
  [66/155] OK ID:4411 +definition,direct_answer | Dog Harnesses: The Complete Guide to Types, F...
  [67/155] OK ID:4410 +definition,direct_answer | Cat Enrichment Activities Beyond Toys: Comple...
  [68/155] OK ID:4409 +definition,direct_answer | Kitten vs Adult Cat Toys: Age-Appropriate Pla...
  [69/155] OK ID:4408 +definition,direct_answer | How Often Should You Replace Cat Toys? A Prac...
  [70/155] OK ID:4314 +definition,direct_answer | Best Cat Litter Trays UK (2026) – Complete Gu...
  [71/155] OK ID:4300 +definition,direct_answer | Best Cardboard Cat Scratchers UK (2026) – Bud...
  [72/155] OK ID:4293 +definition,direct_answer | Best Cat Trees UK (2026) – Climbing &#038; Sc...
  [73/155] OK ID:4286 +definition,direct_answer | Best Cat Scratching Posts UK (2026) – Complet...
  [74/155] OK ID:4195 +definition,direct_answer | Best Cat Toys for Indoor Cats UK (2026) – Enr...
  [75/155] OK ID:4188 +definition,direct_answer | Best Catnip Toys UK (2026) – What Works and W...
  [76/155] OK ID:4181 +definition,direct_answer | Best Interactive Cat Toys UK (2026) – Wand &#...
  [77/155] OK ID:4174 +definition,direct_answer | Best Cat Toys UK (2026) – Complete Guide
  [78/155] OK ID:4167 +definition,direct_answer | Best Dog Water Bottles UK (2026) – Travel Hyd...
  [79/155] OK ID:4160 +definition,direct_answer | Best Elevated Dog Bowls UK (2026) – Raised Fe...
  [80/155] OK ID:4153 +definition,direct_answer | Best Slow Feeder Dog Bowls UK (2026) – Preven...
  --- Progress: 79 fixed, 1 failed ---
  [81/155] OK ID:4146 +definition,direct_answer | Best Dog Bowls and Feeding UK (2026) – Comple...
  [82/155] OK ID:4139 +definition,direct_answer | Best Dog Training Leads UK (2026) – Long Line...
  [83/155] OK ID:4132 +definition,direct_answer | Best Puppy Training Guide UK (2026) – First Y...
  [84/155] OK ID:4125 +definition,direct_answer | Best Dog Training Treats UK (2026) – Reward G...
  [85/155] OK ID:4118 +definition,direct_answer | Best Dog Training and Behaviour UK (2026) – C...
  [86/155] OK ID:4110 +definition,direct_answer | Best Dog Joint Supplements UK (2026) – Mobili...
  [87/155] OK ID:4103 +definition,direct_answer | Best Dog Flea Treatment UK (2026) – Preventio...
  [88/155] OK ID:4096 +definition,direct_answer | Best Dog Dental Care UK (2026) – Teeth Cleani...
  [89/155] OK ID:4089 +definition,direct_answer | Best Dog Health and Care UK (2026) – Complete...
  [90/155] OK ID:4049 +definition,direct_answer | Best Puppy Collars UK (2026) – First Collar &...
  [91/155] OK ID:4042 +definition,direct_answer | Best Dog Leads UK (2026) – Walking &#038; Tra...
  [92/155] OK ID:4034 +definition,direct_answer | Best No-Pull Dog Harnesses UK (2026) – Traini...
  [93/155] OK ID:4027 +definition,direct_answer | Best Dog Collars and Harnesses UK (2026) – Co...
  [94/155] OK ID:4018 +definition,direct_answer | Best Puppy Beds UK (2026) – First Bed &#038; ...
  [95/155] OK ID:4011 +definition,direct_answer | Best Cooling Dog Beds UK (2026) – Temperature...
  [96/155] OK ID:4004 +definition,direct_answer | Best Orthopaedic Dog Beds UK (2026) – Joint S...
  [97/155] OK ID:3996 +definition,direct_answer | Best Dog Beds UK (2026) – Complete Guide &#03...
  [98/155] OK ID:3960 +definition,direct_answer | Best Puppy Toys UK (2026) – Teething &#038; F...
  [99/155] OK ID:3959 +definition,direct_answer | Best Interactive Dog Toys UK (2026) – Puzzle ...
  [100/155] OK ID:3957 +definition,direct_answer | Best Indestructible Dog Toys UK (2026) – Toug...
  --- Progress: 99 fixed, 1 failed ---
  [101/155] OK ID:3956 +definition,direct_answer | Best Dog Toys UK (2026) – Complete Guide &#03...
  [102/155] OK ID:696 +definition,direct_answer | Essential Cat Supplies for Cat Owners &#8211;...
  [103/155] OK ID:3 +definition,direct_answer | Dog Toys UK (2026) – Essential Guide for Pet ...
  [104/155] OK ID:8171 +direct_answer | Why PetHub Online Exists
  [105/155] OK ID:7338 +definition | Puppy-Proofing Your Home: A Room-by-Room Safe...
  [106/155] OK ID:7175 +definition | Cat Supply Essentials Glossary: Understanding...
  [107/155] OK ID:6052 +direct_answer | Low-Mobility Enrichment: Mental Stimulation f...
  [108/155] OK ID:6050 +direct_answer | Toy Overstimulation Recovery: Calming Down an...
  [109/155] OK ID:6049 +direct_answer | Sensory Enrichment for Dogs: Engaging All Fiv...
  [110/155] OK ID:6047 +direct_answer | Play Recovery After Surgery: Gentle Enrichmen...
  [111/155] OK ID:6046 +direct_answer | Dog Toy Hygiene Schedules: A Practical Cleani...
  [112/155] OK ID:6045 +direct_answer | Safe Multi-Dog Toy Management: Preventing Res...
  [113/155] OK ID:6042 +direct_answer | Enrichment by Breed Group: Tailoring Play to ...
  [114/155] OK ID:6039 +direct_answer | Dog Toy Anxiety Reduction: Using Toys to Calm...
  [115/155] OK ID:5950 +direct_answer | Dog Toy Durability Guide: What Lasts and What...
  [116/155] OK ID:5946 +direct_answer | Dog Toy Materials Compared: Rubber, Rope, Plu...
  [117/155] OK ID:5942 +direct_answer | Cognitive Enrichment for Senior Dogs: Gentle ...
  [118/155] OK ID:5938 +direct_answer | Enrichment Schedules for Dogs: Structuring Da...
  [119/155] OK ID:5935 +direct_answer | Dog Toy Storage and Organisation: Keeping Toy...
  [120/155] OK ID:5934 +direct_answer | Crate and Play Enrichment: Keeping Dogs Happy...
  --- Progress: 119 fixed, 1 failed ---
  [121/155] OK ID:5933 +direct_answer | Safe Tug Play with Dogs: Rules, Benefits, and...
  [122/155] OK ID:5932 +direct_answer | Scent-Game Enrichment for Dogs: Using Smell t...
  [123/155] OK ID:5931 +direct_answer | Signs of Toy Overstimulation in Dogs: When Pl...
  [124/155] OK ID:5930 +direct_answer | Dog Toy Safety by Breed Size: Choosing the Ri...
  [125/155] OK ID:5523 +direct_answer | Dog Training Equipment Explained: Tools, Uses...
  [126/155] OK ID:5519 +numbered_list | Indoor Cat Care: A Complete Guide to Keeping ...
  [127/155] OK ID:5512 +direct_answer | Dog Behaviour Explained: Understanding Your D...
  [128/155] OK ID:5508 +direct_answer | Puppy Development Stages: A Complete Guide fr...
  [129/155] OK ID:5483 +direct_answer | Dog Toy Lifespan: When to Replace Toys and Ho...
  [130/155] OK ID:5469 +direct_answer | Dog Toy Rotation: How to Keep Your Dog Intere...
  [131/155] OK ID:5415 +direct_answer | Dog Play Styles Explained: Understanding How ...
  [132/155] OK ID:4573 +direct_answer | Seasonal Pet Safety: Protecting Pets Through ...
  [133/155] OK ID:4576 +direct_answer | Multi-Pet Household Tips: Living with Dogs an...
  [134/155] OK ID:4406 +definition | Best Interactive Cat Toys for Indoor Cats: En...
  [135/155] OK ID:4407 +definition | DIY Cat Toys: Safe Homemade Options Your Cat ...
  [136/155] OK ID:4335 +definition | Best Cat Litter Disposal UK (2026) – Waste Ma...
  [137/155] OK ID:4328 +definition | Best Self-Cleaning Litter Trays UK (2026) – A...
  [138/155] OK ID:4321 +definition | Best Cat Litter UK (2026) – Types &#038; Comp...
  [139/155] OK ID:4307 +definition | Best Wall-Mounted Cat Scratchers UK (2026) – ...
  [140/155] OK ID:4279 +definition | Best Cat Harnesses UK (2026) – Safe Walking G...
  --- Progress: 139 fixed, 1 failed ---
  [141/155] OK ID:4272 +definition | Best Cat ID Tags UK (2026) – Identification G...
  [142/155] OK ID:4265 +definition | Best Cat GPS Trackers UK (2026) – Location Tr...
  [143/155] OK ID:4258 +definition | Best Cat Collars UK (2026) – Complete Safety ...
  [144/155] OK ID:4251 +definition | Best Cat Shampoo UK (2026) – When &#038; How ...
  [145/155] OK ID:4230 +definition | Best Cat Grooming Supplies UK (2026) – Comple...
  [146/155] OK ID:4223 +definition | Best Cat Window Perches UK (2026) – Sunning &...
  [147/155] OK ID:4216 +definition | Best Cat Radiator Beds UK (2026) – Hook-On Wa...
  [148/155] OK ID:4209 +definition | Best Heated Cat Beds UK (2026) – Winter Warmt...
  [149/155] OK ID:4202 +definition | Best Cat Beds UK (2026) – Complete Guide
  [150/155] OK ID:4078 +direct_answer | Best Dog Nail Clippers UK (2026) – Trimming &...
  [151/155] OK ID:4071 +direct_answer | Best Dog Shampoo UK (2026) – Ingredients &#03...
  [152/155] OK ID:4064 +direct_answer | Best Dog Brushes UK (2026) – Guide by Coat Ty...
  [153/155] OK ID:4057 +direct_answer | Best Dog Grooming Supplies UK (2026) – Comple...
  [154/155] OK ID:3839 +definition | Best Puppy Food UK (2026) &#8211; Growth-Stag...
  [155/155] OK ID:3836 +definition | Best Dog Food UK (2026) &#8211; Complete Buyi...

======================================================================
SNIPPET BOOST COMPLETE
  Fixed: 154
  Failed: 1
  Skipped: 13 (already 90%+)
======================================================================

Verifying new snippet readiness average...
  Pre-fix average (from cached content): 82.5%
  Note: Actual average will be higher - content was updated on server
